  pch.cpp
  Background.cpp
  BigExplosion.cpp
  Blood.cpp
  Bomb.cpp
  Boost.cpp
  Boss.cpp
  BossAttEndState.cpp
  BossAttState.cpp
  BossDieState.cpp
  BossIdleState.cpp
  BossPrepareState.cpp
  Camel.cpp
  CamelCannon.cpp
  CamelCannonBullet.cpp
  CamelIdleState.cpp
  CamelRestState.cpp
  CamelRunState.cpp
  CameraManager.cpp
  Characters.cpp
  CollisionManager.cpp
  컴파일하고 있습니다...
  CreditScene.cpp
  DummyObject.cpp
  Explosion.cpp
  Fade.cpp
  FileManager.cpp
  Fire.cpp
  FireCollider.cpp
  Frame.cpp
  FrameManager.cpp
  GameObject.cpp
  GdiImage.cpp
  GdiManager.cpp
  GdiPlusImage.cpp
  GdiPlusManager.cpp
  GranadeExplosion.cpp
  Item.cpp
  KeyManager.cpp
  KnifeBullet.cpp
  LeftWing.cpp
  LogoScene.cpp
  컴파일하고 있습니다...
  MachinegunBullet.cpp
  MachinegunEffect.cpp
  Maingame.cpp
  MainMenuScene.cpp
  MediumExplosion.cpp
  MouseManager.cpp
  Number.cpp
  ObjectManager.cpp
  PistolBullet.cpp
  PistolEffect.cpp
  Player.cpp
  PlayerBottom.cpp
  PlayerBottomBombAttState.cpp
  PlayerBottomDownAttState.cpp
  PlayerBottomDownMoveState.cpp
  PlayerBottomDownState.cpp
  PlayerBottomJumpRunState.cpp
  PlayerBottomJumpState.cpp
  PlayerBottomKnifeAttState.cpp
  PlayerBottomRunState.cpp
  컴파일하고 있습니다...
  PlayerTop.cpp
  PlayerTopBombAttState.cpp
  PlayerTopDiagonalDownToStandState.cpp
  PlayerTopDiagonalStandToDownState.cpp
  PlayerTopDiagonalStandToUpState.cpp
  PlayerTopDiagonalUpToStandState.cpp
  PlayerTopDownMoveState.cpp
  PlayerTopDownState.cpp
  PlayerTopJumpAttState.cpp
  PlayerTopJumpBombAttState.cpp
  PlayerTopJumpRunState.cpp
  PlayerTopJumpState.cpp
  PlayerTopKnifeAttState.cpp
  PlayerTopRunJumpAttState.cpp
  PlayerTopRunState.cpp
  PlayerTopStandAttState.cpp
  PlayerTopStandState.cpp
  PlayerTopUnderAttState.cpp
  PlayerTopUnderState.cpp
  PlayerTopUpAttState.cpp
  컴파일하고 있습니다...
  PlayerTopUpState.cpp
  Prisoner.cpp
  PrisonerBindState.cpp
  PrisonerByeState.cpp
  PrisonerFlyState.cpp
  PrisonerItemState.cpp
  PrisonerRunoutState.cpp
  PrisonerRunState.cpp
  PrisonerUndoState.cpp
  Pro.cpp
  Project_Beom.cpp
  RightWing.cpp
  Sarubia.cpp
  SarubiaAttState.cpp
  SarubiaDieState.cpp
  SarubiaIdleState.cpp
  SarubiaRunState.cpp
  SaruBullet.cpp
  SaruChip.cpp
  SaruExplosion.cpp
  컴파일하고 있습니다...
  Scene.cpp
  SceneManager.cpp
  PlayerBottomStandState.cpp
  SelectScene.cpp
  SelectScreen.cpp
  SelectUI.cpp
  Slot.cpp
  Smog.cpp
  Soldier.cpp
  SoldierBomb.cpp
  SoldierBombAttState.cpp
  SoldierDieState.cpp
  SoldierIdleState.cpp
  SoldierKnifeState.cpp
  SoldierRunState.cpp
  SoundManager.cpp
  SpriteDeco.cpp
  StageScene.cpp
  StageUI.cpp
  State.cpp
  컴파일하고 있습니다...
  StaticDeco.cpp
  System.cpp
  Tank.cpp
  TankAttState.cpp
  TankBullet.cpp
  TankDieState.cpp
  TankEffect.cpp
  TankIdleState.cpp
  TankPrepareState.cpp
  TankRunState.cpp
  TestScene.cpp
  Timer.cpp
  TimerManager.cpp
  Toma.cpp
  TomaAttState.cpp
  TomaBullet.cpp
  TomaIdleState.cpp
  TomaRunState.cpp
  ToolScene.cpp
  코드를 생성하고 있습니다.
  Previous IPDB not found, fall back to full compilation.
  All 2602 functions were compiled because no usable IPDB/IOBJ from previous compilation was found.
  코드를 생성했습니다.
  Project_Beom.vcxproj -> D:\한울이 부업 (과제 대행)\문서 작성\c언어 포인터 보고서\testProject\Release\Project_Beom.exe
