d:\한울이 부업 (과제 대행)\문서 작성\c언어 포인터 보고서\testproject\project_beom\release\project_beom.pch
d:\한울이 부업 (과제 대행)\문서 작성\c언어 포인터 보고서\testproject\project_beom\release\vc142.pdb
d:\한울이 부업 (과제 대행)\문서 작성\c언어 포인터 보고서\testproject\project_beom\release\pch.obj
d:\한울이 부업 (과제 대행)\문서 작성\c언어 포인터 보고서\testproject\project_beom\release\collisionmanager.obj
d:\한울이 부업 (과제 대행)\문서 작성\c언어 포인터 보고서\testproject\project_beom\release\characters.obj
d:\한울이 부업 (과제 대행)\문서 작성\c언어 포인터 보고서\testproject\project_beom\release\cameramanager.obj
d:\한울이 부업 (과제 대행)\문서 작성\c언어 포인터 보고서\testproject\project_beom\release\camelrunstate.obj
d:\한울이 부업 (과제 대행)\문서 작성\c언어 포인터 보고서\testproject\project_beom\release\camelreststate.obj
d:\한울이 부업 (과제 대행)\문서 작성\c언어 포인터 보고서\testproject\project_beom\release\camelidlestate.obj
d:\한울이 부업 (과제 대행)\문서 작성\c언어 포인터 보고서\testproject\project_beom\release\camelcannonbullet.obj
d:\한울이 부업 (과제 대행)\문서 작성\c언어 포인터 보고서\testproject\project_beom\release\camelcannon.obj
d:\한울이 부업 (과제 대행)\문서 작성\c언어 포인터 보고서\testproject\project_beom\release\camel.obj
d:\한울이 부업 (과제 대행)\문서 작성\c언어 포인터 보고서\testproject\project_beom\release\bosspreparestate.obj
d:\한울이 부업 (과제 대행)\문서 작성\c언어 포인터 보고서\testproject\project_beom\release\bossidlestate.obj
d:\한울이 부업 (과제 대행)\문서 작성\c언어 포인터 보고서\testproject\project_beom\release\bossdiestate.obj
d:\한울이 부업 (과제 대행)\문서 작성\c언어 포인터 보고서\testproject\project_beom\release\bossattstate.obj
d:\한울이 부업 (과제 대행)\문서 작성\c언어 포인터 보고서\testproject\project_beom\release\bossattendstate.obj
d:\한울이 부업 (과제 대행)\문서 작성\c언어 포인터 보고서\testproject\project_beom\release\boss.obj
d:\한울이 부업 (과제 대행)\문서 작성\c언어 포인터 보고서\testproject\project_beom\release\boost.obj
d:\한울이 부업 (과제 대행)\문서 작성\c언어 포인터 보고서\testproject\project_beom\release\bomb.obj
d:\한울이 부업 (과제 대행)\문서 작성\c언어 포인터 보고서\testproject\project_beom\release\blood.obj
d:\한울이 부업 (과제 대행)\문서 작성\c언어 포인터 보고서\testproject\project_beom\release\bigexplosion.obj
d:\한울이 부업 (과제 대행)\문서 작성\c언어 포인터 보고서\testproject\project_beom\release\background.obj
d:\한울이 부업 (과제 대행)\문서 작성\c언어 포인터 보고서\testproject\project_beom\release\logoscene.obj
d:\한울이 부업 (과제 대행)\문서 작성\c언어 포인터 보고서\testproject\project_beom\release\leftwing.obj
d:\한울이 부업 (과제 대행)\문서 작성\c언어 포인터 보고서\testproject\project_beom\release\knifebullet.obj
d:\한울이 부업 (과제 대행)\문서 작성\c언어 포인터 보고서\testproject\project_beom\release\keymanager.obj
d:\한울이 부업 (과제 대행)\문서 작성\c언어 포인터 보고서\testproject\project_beom\release\item.obj
d:\한울이 부업 (과제 대행)\문서 작성\c언어 포인터 보고서\testproject\project_beom\release\granadeexplosion.obj
d:\한울이 부업 (과제 대행)\문서 작성\c언어 포인터 보고서\testproject\project_beom\release\gdiplusmanager.obj
d:\한울이 부업 (과제 대행)\문서 작성\c언어 포인터 보고서\testproject\project_beom\release\gdiplusimage.obj
d:\한울이 부업 (과제 대행)\문서 작성\c언어 포인터 보고서\testproject\project_beom\release\gdimanager.obj
d:\한울이 부업 (과제 대행)\문서 작성\c언어 포인터 보고서\testproject\project_beom\release\gdiimage.obj
d:\한울이 부업 (과제 대행)\문서 작성\c언어 포인터 보고서\testproject\project_beom\release\gameobject.obj
d:\한울이 부업 (과제 대행)\문서 작성\c언어 포인터 보고서\testproject\project_beom\release\framemanager.obj
d:\한울이 부업 (과제 대행)\문서 작성\c언어 포인터 보고서\testproject\project_beom\release\frame.obj
d:\한울이 부업 (과제 대행)\문서 작성\c언어 포인터 보고서\testproject\project_beom\release\firecollider.obj
d:\한울이 부업 (과제 대행)\문서 작성\c언어 포인터 보고서\testproject\project_beom\release\fire.obj
d:\한울이 부업 (과제 대행)\문서 작성\c언어 포인터 보고서\testproject\project_beom\release\filemanager.obj
d:\한울이 부업 (과제 대행)\문서 작성\c언어 포인터 보고서\testproject\project_beom\release\fade.obj
d:\한울이 부업 (과제 대행)\문서 작성\c언어 포인터 보고서\testproject\project_beom\release\explosion.obj
d:\한울이 부업 (과제 대행)\문서 작성\c언어 포인터 보고서\testproject\project_beom\release\dummyobject.obj
d:\한울이 부업 (과제 대행)\문서 작성\c언어 포인터 보고서\testproject\project_beom\release\creditscene.obj
d:\한울이 부업 (과제 대행)\문서 작성\c언어 포인터 보고서\testproject\project_beom\release\playerbottomrunstate.obj
d:\한울이 부업 (과제 대행)\문서 작성\c언어 포인터 보고서\testproject\project_beom\release\playerbottomknifeattstate.obj
d:\한울이 부업 (과제 대행)\문서 작성\c언어 포인터 보고서\testproject\project_beom\release\playerbottomjumpstate.obj
d:\한울이 부업 (과제 대행)\문서 작성\c언어 포인터 보고서\testproject\project_beom\release\playerbottomjumprunstate.obj
d:\한울이 부업 (과제 대행)\문서 작성\c언어 포인터 보고서\testproject\project_beom\release\playerbottomdownstate.obj
d:\한울이 부업 (과제 대행)\문서 작성\c언어 포인터 보고서\testproject\project_beom\release\playerbottomdownmovestate.obj
d:\한울이 부업 (과제 대행)\문서 작성\c언어 포인터 보고서\testproject\project_beom\release\playerbottomdownattstate.obj
d:\한울이 부업 (과제 대행)\문서 작성\c언어 포인터 보고서\testproject\project_beom\release\playerbottombombattstate.obj
d:\한울이 부업 (과제 대행)\문서 작성\c언어 포인터 보고서\testproject\project_beom\release\playerbottom.obj
d:\한울이 부업 (과제 대행)\문서 작성\c언어 포인터 보고서\testproject\project_beom\release\player.obj
d:\한울이 부업 (과제 대행)\문서 작성\c언어 포인터 보고서\testproject\project_beom\release\pistoleffect.obj
d:\한울이 부업 (과제 대행)\문서 작성\c언어 포인터 보고서\testproject\project_beom\release\pistolbullet.obj
d:\한울이 부업 (과제 대행)\문서 작성\c언어 포인터 보고서\testproject\project_beom\release\objectmanager.obj
d:\한울이 부업 (과제 대행)\문서 작성\c언어 포인터 보고서\testproject\project_beom\release\number.obj
d:\한울이 부업 (과제 대행)\문서 작성\c언어 포인터 보고서\testproject\project_beom\release\mousemanager.obj
d:\한울이 부업 (과제 대행)\문서 작성\c언어 포인터 보고서\testproject\project_beom\release\mediumexplosion.obj
d:\한울이 부업 (과제 대행)\문서 작성\c언어 포인터 보고서\testproject\project_beom\release\mainmenuscene.obj
d:\한울이 부업 (과제 대행)\문서 작성\c언어 포인터 보고서\testproject\project_beom\release\maingame.obj
d:\한울이 부업 (과제 대행)\문서 작성\c언어 포인터 보고서\testproject\project_beom\release\machineguneffect.obj
d:\한울이 부업 (과제 대행)\문서 작성\c언어 포인터 보고서\testproject\project_beom\release\machinegunbullet.obj
d:\한울이 부업 (과제 대행)\문서 작성\c언어 포인터 보고서\testproject\project_beom\release\playertopupattstate.obj
d:\한울이 부업 (과제 대행)\문서 작성\c언어 포인터 보고서\testproject\project_beom\release\playertopunderstate.obj
d:\한울이 부업 (과제 대행)\문서 작성\c언어 포인터 보고서\testproject\project_beom\release\playertopunderattstate.obj
d:\한울이 부업 (과제 대행)\문서 작성\c언어 포인터 보고서\testproject\project_beom\release\playertopstandstate.obj
d:\한울이 부업 (과제 대행)\문서 작성\c언어 포인터 보고서\testproject\project_beom\release\playertopstandattstate.obj
d:\한울이 부업 (과제 대행)\문서 작성\c언어 포인터 보고서\testproject\project_beom\release\playertoprunstate.obj
d:\한울이 부업 (과제 대행)\문서 작성\c언어 포인터 보고서\testproject\project_beom\release\playertoprunjumpattstate.obj
d:\한울이 부업 (과제 대행)\문서 작성\c언어 포인터 보고서\testproject\project_beom\release\playertopknifeattstate.obj
d:\한울이 부업 (과제 대행)\문서 작성\c언어 포인터 보고서\testproject\project_beom\release\playertopjumpstate.obj
d:\한울이 부업 (과제 대행)\문서 작성\c언어 포인터 보고서\testproject\project_beom\release\playertopjumprunstate.obj
d:\한울이 부업 (과제 대행)\문서 작성\c언어 포인터 보고서\testproject\project_beom\release\playertopjumpbombattstate.obj
d:\한울이 부업 (과제 대행)\문서 작성\c언어 포인터 보고서\testproject\project_beom\release\playertopjumpattstate.obj
d:\한울이 부업 (과제 대행)\문서 작성\c언어 포인터 보고서\testproject\project_beom\release\playertopdownstate.obj
d:\한울이 부업 (과제 대행)\문서 작성\c언어 포인터 보고서\testproject\project_beom\release\playertopdownmovestate.obj
d:\한울이 부업 (과제 대행)\문서 작성\c언어 포인터 보고서\testproject\project_beom\release\playertopdiagonaluptostandstate.obj
d:\한울이 부업 (과제 대행)\문서 작성\c언어 포인터 보고서\testproject\project_beom\release\playertopdiagonalstandtoupstate.obj
d:\한울이 부업 (과제 대행)\문서 작성\c언어 포인터 보고서\testproject\project_beom\release\playertopdiagonalstandtodownstate.obj
d:\한울이 부업 (과제 대행)\문서 작성\c언어 포인터 보고서\testproject\project_beom\release\playertopdiagonaldowntostandstate.obj
d:\한울이 부업 (과제 대행)\문서 작성\c언어 포인터 보고서\testproject\project_beom\release\playertopbombattstate.obj
d:\한울이 부업 (과제 대행)\문서 작성\c언어 포인터 보고서\testproject\project_beom\release\playertop.obj
d:\한울이 부업 (과제 대행)\문서 작성\c언어 포인터 보고서\testproject\project_beom\release\saruexplosion.obj
d:\한울이 부업 (과제 대행)\문서 작성\c언어 포인터 보고서\testproject\project_beom\release\saruchip.obj
d:\한울이 부업 (과제 대행)\문서 작성\c언어 포인터 보고서\testproject\project_beom\release\sarubullet.obj
d:\한울이 부업 (과제 대행)\문서 작성\c언어 포인터 보고서\testproject\project_beom\release\sarubiarunstate.obj
d:\한울이 부업 (과제 대행)\문서 작성\c언어 포인터 보고서\testproject\project_beom\release\sarubiaidlestate.obj
d:\한울이 부업 (과제 대행)\문서 작성\c언어 포인터 보고서\testproject\project_beom\release\sarubiadiestate.obj
d:\한울이 부업 (과제 대행)\문서 작성\c언어 포인터 보고서\testproject\project_beom\release\sarubiaattstate.obj
d:\한울이 부업 (과제 대행)\문서 작성\c언어 포인터 보고서\testproject\project_beom\release\sarubia.obj
d:\한울이 부업 (과제 대행)\문서 작성\c언어 포인터 보고서\testproject\project_beom\release\rightwing.obj
d:\한울이 부업 (과제 대행)\문서 작성\c언어 포인터 보고서\testproject\project_beom\release\project_beom.obj
d:\한울이 부업 (과제 대행)\문서 작성\c언어 포인터 보고서\testproject\project_beom\release\pro.obj
d:\한울이 부업 (과제 대행)\문서 작성\c언어 포인터 보고서\testproject\project_beom\release\prisonerundostate.obj
d:\한울이 부업 (과제 대행)\문서 작성\c언어 포인터 보고서\testproject\project_beom\release\prisonerrunstate.obj
d:\한울이 부업 (과제 대행)\문서 작성\c언어 포인터 보고서\testproject\project_beom\release\prisonerrunoutstate.obj
d:\한울이 부업 (과제 대행)\문서 작성\c언어 포인터 보고서\testproject\project_beom\release\prisoneritemstate.obj
d:\한울이 부업 (과제 대행)\문서 작성\c언어 포인터 보고서\testproject\project_beom\release\prisonerflystate.obj
d:\한울이 부업 (과제 대행)\문서 작성\c언어 포인터 보고서\testproject\project_beom\release\prisonerbyestate.obj
d:\한울이 부업 (과제 대행)\문서 작성\c언어 포인터 보고서\testproject\project_beom\release\prisonerbindstate.obj
d:\한울이 부업 (과제 대행)\문서 작성\c언어 포인터 보고서\testproject\project_beom\release\prisoner.obj
d:\한울이 부업 (과제 대행)\문서 작성\c언어 포인터 보고서\testproject\project_beom\release\playertopupstate.obj
d:\한울이 부업 (과제 대행)\문서 작성\c언어 포인터 보고서\testproject\project_beom\release\state.obj
d:\한울이 부업 (과제 대행)\문서 작성\c언어 포인터 보고서\testproject\project_beom\release\stageui.obj
d:\한울이 부업 (과제 대행)\문서 작성\c언어 포인터 보고서\testproject\project_beom\release\stagescene.obj
d:\한울이 부업 (과제 대행)\문서 작성\c언어 포인터 보고서\testproject\project_beom\release\spritedeco.obj
d:\한울이 부업 (과제 대행)\문서 작성\c언어 포인터 보고서\testproject\project_beom\release\soundmanager.obj
d:\한울이 부업 (과제 대행)\문서 작성\c언어 포인터 보고서\testproject\project_beom\release\soldierrunstate.obj
d:\한울이 부업 (과제 대행)\문서 작성\c언어 포인터 보고서\testproject\project_beom\release\soldierknifestate.obj
d:\한울이 부업 (과제 대행)\문서 작성\c언어 포인터 보고서\testproject\project_beom\release\soldieridlestate.obj
d:\한울이 부업 (과제 대행)\문서 작성\c언어 포인터 보고서\testproject\project_beom\release\soldierdiestate.obj
d:\한울이 부업 (과제 대행)\문서 작성\c언어 포인터 보고서\testproject\project_beom\release\soldierbombattstate.obj
d:\한울이 부업 (과제 대행)\문서 작성\c언어 포인터 보고서\testproject\project_beom\release\soldierbomb.obj
d:\한울이 부업 (과제 대행)\문서 작성\c언어 포인터 보고서\testproject\project_beom\release\soldier.obj
d:\한울이 부업 (과제 대행)\문서 작성\c언어 포인터 보고서\testproject\project_beom\release\smog.obj
d:\한울이 부업 (과제 대행)\문서 작성\c언어 포인터 보고서\testproject\project_beom\release\slot.obj
d:\한울이 부업 (과제 대행)\문서 작성\c언어 포인터 보고서\testproject\project_beom\release\selectui.obj
d:\한울이 부업 (과제 대행)\문서 작성\c언어 포인터 보고서\testproject\project_beom\release\selectscreen.obj
d:\한울이 부업 (과제 대행)\문서 작성\c언어 포인터 보고서\testproject\project_beom\release\selectscene.obj
d:\한울이 부업 (과제 대행)\문서 작성\c언어 포인터 보고서\testproject\project_beom\release\playerbottomstandstate.obj
d:\한울이 부업 (과제 대행)\문서 작성\c언어 포인터 보고서\testproject\project_beom\release\scenemanager.obj
d:\한울이 부업 (과제 대행)\문서 작성\c언어 포인터 보고서\testproject\project_beom\release\scene.obj
d:\한울이 부업 (과제 대행)\문서 작성\c언어 포인터 보고서\testproject\project_beom\release\toolscene.obj
d:\한울이 부업 (과제 대행)\문서 작성\c언어 포인터 보고서\testproject\project_beom\release\tomarunstate.obj
d:\한울이 부업 (과제 대행)\문서 작성\c언어 포인터 보고서\testproject\project_beom\release\tomaidlestate.obj
d:\한울이 부업 (과제 대행)\문서 작성\c언어 포인터 보고서\testproject\project_beom\release\tomabullet.obj
d:\한울이 부업 (과제 대행)\문서 작성\c언어 포인터 보고서\testproject\project_beom\release\tomaattstate.obj
d:\한울이 부업 (과제 대행)\문서 작성\c언어 포인터 보고서\testproject\project_beom\release\toma.obj
d:\한울이 부업 (과제 대행)\문서 작성\c언어 포인터 보고서\testproject\project_beom\release\timermanager.obj
d:\한울이 부업 (과제 대행)\문서 작성\c언어 포인터 보고서\testproject\project_beom\release\timer.obj
d:\한울이 부업 (과제 대행)\문서 작성\c언어 포인터 보고서\testproject\project_beom\release\testscene.obj
d:\한울이 부업 (과제 대행)\문서 작성\c언어 포인터 보고서\testproject\project_beom\release\tankrunstate.obj
d:\한울이 부업 (과제 대행)\문서 작성\c언어 포인터 보고서\testproject\project_beom\release\tankpreparestate.obj
d:\한울이 부업 (과제 대행)\문서 작성\c언어 포인터 보고서\testproject\project_beom\release\tankidlestate.obj
d:\한울이 부업 (과제 대행)\문서 작성\c언어 포인터 보고서\testproject\project_beom\release\tankeffect.obj
d:\한울이 부업 (과제 대행)\문서 작성\c언어 포인터 보고서\testproject\project_beom\release\tankdiestate.obj
d:\한울이 부업 (과제 대행)\문서 작성\c언어 포인터 보고서\testproject\project_beom\release\tankbullet.obj
d:\한울이 부업 (과제 대행)\문서 작성\c언어 포인터 보고서\testproject\project_beom\release\tankattstate.obj
d:\한울이 부업 (과제 대행)\문서 작성\c언어 포인터 보고서\testproject\project_beom\release\tank.obj
d:\한울이 부업 (과제 대행)\문서 작성\c언어 포인터 보고서\testproject\project_beom\release\system.obj
d:\한울이 부업 (과제 대행)\문서 작성\c언어 포인터 보고서\testproject\project_beom\release\staticdeco.obj
d:\한울이 부업 (과제 대행)\문서 작성\c언어 포인터 보고서\testproject\release\project_beom.exe
d:\한울이 부업 (과제 대행)\문서 작성\c언어 포인터 보고서\testproject\project_beom\release\project_beom.ipdb
d:\한울이 부업 (과제 대행)\문서 작성\c언어 포인터 보고서\testproject\project_beom\release\project_beom.iobj
d:\한울이 부업 (과제 대행)\문서 작성\c언어 포인터 보고서\testproject\release\project_beom.pdb
c:\users\bum\desktop\github\metalslug\project_beom\release\project_beom.ipdb
c:\users\bum\desktop\github\metalslug\project_beom\release\project_beom.iobj
c:\users\xjfql\onedrive\바탕 화면\한울이 부업 (과제 대행)\게임 졸작\metalslug-master\project_beom\release\project_beom.ipdb
c:\users\xjfql\onedrive\바탕 화면\한울이 부업 (과제 대행)\게임 졸작\metalslug-master\project_beom\release\project_beom.iobj
d:\한울이 부업 (과제 대행)\문서 작성\c언어 포인터 보고서\testproject\release\project_beom.ipdb
d:\한울이 부업 (과제 대행)\문서 작성\c언어 포인터 보고서\testproject\release\project_beom.iobj
d:\한울이 부업 (과제 대행)\문서 작성\c언어 포인터 보고서\testproject\project_beom\release\project_beom.res
d:\한울이 부업 (과제 대행)\문서 작성\c언어 포인터 보고서\testproject\project_beom\release\project_beom.tlog\cl.command.1.tlog
d:\한울이 부업 (과제 대행)\문서 작성\c언어 포인터 보고서\testproject\project_beom\release\project_beom.tlog\cl.read.1.tlog
d:\한울이 부업 (과제 대행)\문서 작성\c언어 포인터 보고서\testproject\project_beom\release\project_beom.tlog\cl.write.1.tlog
d:\한울이 부업 (과제 대행)\문서 작성\c언어 포인터 보고서\testproject\project_beom\release\project_beom.tlog\link.command.1.tlog
d:\한울이 부업 (과제 대행)\문서 작성\c언어 포인터 보고서\testproject\project_beom\release\project_beom.tlog\link.read.1.tlog
d:\한울이 부업 (과제 대행)\문서 작성\c언어 포인터 보고서\testproject\project_beom\release\project_beom.tlog\link.write.1.tlog
d:\한울이 부업 (과제 대행)\문서 작성\c언어 포인터 보고서\testproject\project_beom\release\project_beom.tlog\project_beom.write.1u.tlog
d:\한울이 부업 (과제 대행)\문서 작성\c언어 포인터 보고서\testproject\project_beom\release\project_beom.tlog\rc.command.1.tlog
d:\한울이 부업 (과제 대행)\문서 작성\c언어 포인터 보고서\testproject\project_beom\release\project_beom.tlog\rc.read.1.tlog
d:\한울이 부업 (과제 대행)\문서 작성\c언어 포인터 보고서\testproject\project_beom\release\project_beom.tlog\rc.write.1.tlog
